2023-01-28 12:09:35,596:INFO:Run with dataset TravelReviews.reviews
2023-01-28 12:09:44,287:DEBUG:Connecting to mongodb://127.0.0.1/TravelReviews.reviews
2023-01-28 12:09:44,287:DEBUG:Core on this worker: 6
2023-01-28 12:09:45,477:INFO:Dataset size: 980
2023-01-28 12:09:45,561:INFO:Automatically created 1 partitions
2023-01-28 12:09:45,561:DEBUG:Forced 10 partitions
2023-01-28 12:09:45,622:INFO:Partitions after forcing: 1
2023-01-28 12:09:45,625:INFO:Support set to 0.85
2023-01-28 12:09:45,626:INFO:Created SON instance with: partitions=1, support=0.85, chunk support=0.85
2023-01-28 12:09:48,243:DEBUG:Extracted itemsets: ['beaches', 'parks', ('beaches', 'parks')]
2023-01-28 12:09:51,674:DEBUG:Found itemsets: [('beaches', 976), ('parks', 980), (('beaches', 'parks'), 976)]
2023-01-28 12:09:51,674:INFO:Resulting itemsets: [('beaches', 'parks')]
2023-01-28 12:11:56,862:INFO:Run with dataset TravelReviews.reviews
2023-01-28 12:12:05,532:DEBUG:Connecting to mongodb://127.0.0.1/TravelReviews.reviews
2023-01-28 12:12:05,533:DEBUG:Core on this worker: 6
2023-01-28 12:12:06,623:INFO:Dataset size: 980
2023-01-28 12:12:06,708:INFO:Automatically created 1 partitions
2023-01-28 12:12:06,708:DEBUG:Forced 10 partitions
2023-01-28 12:12:06,989:INFO:Partitions after forcing: 10
2023-01-28 12:12:06,991:INFO:Support set to 0.85
2023-01-28 12:12:06,992:INFO:Created SON instance with: partitions=10, support=0.85, chunk support=0.08499999999999999
2023-01-28 12:12:26,735:DEBUG:Extracted itemsets: ['religious', ('beaches', 'religious', 'parks', 'resorts'), ('bars', 'parks'), 'beaches', ('beaches', 'parks'), ('beaches', 'parks', 'resorts'), ('beaches', 'religious', 'parks'), 'bars', ('beaches', 'religious'), ('beaches', 'religious', 'resorts'), 'parks', ('religious', 'parks'), ('beaches', 'bars', 'parks'), ('beaches', 'bars'), ('religious', 'parks', 'resorts'), 'resorts', ('religious', 'resorts'), ('parks', 'resorts'), ('beaches', 'resorts')]
2023-01-28 12:13:00,134:DEBUG:Found itemsets: [('beaches', 976), (('beaches', 'parks'), 976), ('parks', 980)]
2023-01-28 12:13:00,134:INFO:Resulting itemsets: [('beaches', 'parks')]
2023-01-28 12:14:39,088:INFO:Run with dataset TravelReviews.reviews
2023-01-28 12:14:47,660:DEBUG:Connecting to mongodb://127.0.0.1/TravelReviews.reviews
2023-01-28 12:14:47,660:DEBUG:Core on this worker: 6
2023-01-28 12:14:48,728:INFO:Dataset size: 980
2023-01-28 12:14:48,805:INFO:Automatically created 1 partitions
2023-01-28 12:14:48,805:DEBUG:Forced 10 partitions
2023-01-28 12:14:49,119:INFO:Partitions after forcing: 10
2023-01-28 12:14:49,121:INFO:Support set to 0.85
2023-01-28 12:14:49,122:INFO:Created SON instance with: partitions=10, support=0.85, chunk support=0.08499999999999999
2023-01-28 12:15:08,600:DEBUG:Extracted itemsets: ['religious', ('beaches', 'religious', 'parks', 'resorts'), ('bars', 'parks'), 'beaches', ('beaches', 'parks'), ('beaches', 'parks', 'resorts'), ('beaches', 'religious', 'parks'), 'bars', ('beaches', 'religious'), ('beaches', 'religious', 'resorts'), 'parks', ('religious', 'parks'), ('beaches', 'bars', 'parks'), ('beaches', 'bars'), ('religious', 'parks', 'resorts'), 'resorts', ('religious', 'resorts'), ('parks', 'resorts'), ('beaches', 'resorts')]
2023-01-28 12:15:40,464:DEBUG:Found itemsets: [('beaches', 976), (('beaches', 'parks'), 976), ('parks', 980)]
2023-01-28 12:15:40,465:INFO:Resulting itemsets: [('beaches', 'parks')]
