2023-02-14 14:14:31,043:INFO:Run with dataset BenchmarkData.data
2023-02-14 14:14:48,160:DEBUG:Connecting to mongodb://127.0.0.1:27017/BenchmarkData.data
2023-02-14 14:14:48,160:DEBUG:Core on this worker: 8
2023-02-14 14:14:49,932:INFO:Dataset size: 363
2023-02-14 14:14:50,087:INFO:Automatically created 1 partitions
2023-02-14 14:14:50,111:INFO:Support set to 0.1
2023-02-14 14:14:50,112:INFO:Created SON instance with: partitions=1, support=0.1, chunk support=0.1
2023-02-14 14:15:08,978:INFO:Support set to 0.1
2023-02-14 14:15:08,983:INFO:Created SON instance with: partitions=8, support=0.1, chunk support=0.0125
2023-02-14 14:38:27,799:INFO:Run with dataset BenchmarkData.data
2023-02-14 14:38:55,015:DEBUG:Connecting to mongodb://127.0.0.1:27017/BenchmarkData.data
2023-02-14 14:38:55,016:DEBUG:Core on this worker: 8
2023-02-14 14:38:56,807:INFO:Dataset size: 1815
2023-02-14 14:38:56,930:INFO:Automatically created 1 partitions
2023-02-14 14:38:56,952:INFO:Support set to 0.1
2023-02-14 14:38:56,953:INFO:Created SON instance with: partitions=1, support=0.1, chunk support=0.1
2023-02-14 14:47:54,773:INFO:Run with dataset BenchmarkData.data
2023-02-14 14:48:10,579:DEBUG:Connecting to mongodb://127.0.0.1:27017/BenchmarkData.data
2023-02-14 14:48:10,580:DEBUG:Core on this worker: 8
2023-02-14 14:48:13,878:INFO:Dataset size: 1815
2023-02-14 14:48:14,100:INFO:Automatically created 1 partitions
2023-02-14 14:48:14,100:DEBUG:Forced 8 partitions
2023-02-14 14:48:16,626:INFO:Partitions after forcing: 8
2023-02-14 14:48:16,666:INFO:Support set to 0.1
2023-02-14 14:48:16,667:INFO:Created SON instance with: partitions=8, support=0.1, chunk support=0.0125
2023-02-14 15:12:05,349:INFO:Run with dataset BenchmarkData.data
2023-02-14 15:12:14,542:DEBUG:Connecting to mongodb://127.0.0.1:27017/BenchmarkData.data
2023-02-14 15:12:14,543:DEBUG:Core on this worker: 8
2023-02-14 15:12:16,154:INFO:Dataset size: 3631
2023-02-14 15:12:16,259:INFO:Automatically created 1 partitions
2023-02-14 15:12:16,333:INFO:Support set to 0.1
2023-02-14 15:12:16,338:INFO:Created SON instance with: partitions=8, support=0.1, chunk support=0.0125
2023-02-14 15:14:54,854:INFO:Run with dataset BenchmarkData.data
2023-02-14 15:15:04,657:DEBUG:Connecting to mongodb://127.0.0.1:27017/BenchmarkData.data
2023-02-14 15:15:04,657:DEBUG:Core on this worker: 8
2023-02-14 15:15:06,261:INFO:Dataset size: 3631
2023-02-14 15:15:06,377:INFO:Automatically created 1 partitions
2023-02-14 15:15:06,396:INFO:Support set to 0.1
2023-02-14 15:15:06,396:INFO:Created SON instance with: partitions=1, support=0.1, chunk support=0.1
2023-02-14 15:26:11,074:INFO:Support set to 0.1
2023-02-14 15:26:11,077:INFO:Created SON instance with: partitions=8, support=0.1, chunk support=0.0125
2023-02-14 15:29:34,498:INFO:Run with dataset BenchmarkData.data
2023-02-14 15:29:44,690:DEBUG:Connecting to mongodb://127.0.0.1:27017/BenchmarkData.data
2023-02-14 15:29:44,691:DEBUG:Core on this worker: 8
2023-02-14 15:29:47,339:INFO:Dataset size: 300000
2023-02-14 15:29:47,441:INFO:Automatically created 1 partitions
2023-02-14 15:29:47,441:DEBUG:Forced 1 partitions
2023-02-14 15:29:51,630:INFO:Partitions after forcing: 1
2023-02-14 15:29:51,650:INFO:Support set to 0.5
2023-02-14 15:29:51,651:INFO:Created SON instance with: partitions=1, support=0.5, chunk support=0.5
2023-02-14 15:30:01,232:INFO:Support set to 0.5
2023-02-14 15:30:01,235:INFO:Created SON instance with: partitions=1, support=0.5, chunk support=0.5
2023-02-14 15:30:09,915:INFO:Run with dataset BenchmarkData.data
2023-02-14 15:30:09,968:DEBUG:Connecting to mongodb://127.0.0.1:27017/BenchmarkData.data
2023-02-14 15:30:09,969:DEBUG:Core on this worker: 8
2023-02-14 15:30:10,765:INFO:Dataset size: 300000
2023-02-14 15:30:10,811:INFO:Automatically created 1 partitions
2023-02-14 15:30:10,811:DEBUG:Forced 4 partitions
2023-02-14 15:30:14,372:INFO:Partitions after forcing: 4
2023-02-14 15:30:14,382:INFO:Support set to 0.5
2023-02-14 15:30:14,382:INFO:Created SON instance with: partitions=4, support=0.5, chunk support=0.125
2023-02-14 15:30:47,625:INFO:Support set to 0.5
2023-02-14 15:30:47,626:INFO:Created SON instance with: partitions=4, support=0.5, chunk support=0.125
2023-02-14 15:31:20,341:INFO:Run with dataset BenchmarkData.data
2023-02-14 15:31:20,379:DEBUG:Connecting to mongodb://127.0.0.1:27017/BenchmarkData.data
2023-02-14 15:31:20,380:DEBUG:Core on this worker: 8
2023-02-14 15:31:21,218:INFO:Dataset size: 300000
2023-02-14 15:31:21,247:INFO:Automatically created 1 partitions
2023-02-14 15:31:21,247:DEBUG:Forced 8 partitions
2023-02-14 15:31:24,593:INFO:Partitions after forcing: 8
2023-02-14 15:31:24,600:INFO:Support set to 0.5
2023-02-14 15:31:24,600:INFO:Created SON instance with: partitions=8, support=0.5, chunk support=0.0625
2023-02-14 15:32:08,916:INFO:Support set to 0.5
2023-02-14 15:32:08,917:INFO:Created SON instance with: partitions=8, support=0.5, chunk support=0.0625
2023-02-14 15:46:51,676:INFO:Run with dataset BenchmarkData.data
2023-02-14 15:47:02,769:DEBUG:Connecting to mongodb://127.0.0.1:27017/BenchmarkData.data
2023-02-14 15:47:02,769:DEBUG:Core on this worker: 8
2023-02-14 15:47:04,360:INFO:Dataset size: 3631
2023-02-14 15:47:04,461:INFO:Automatically created 1 partitions
2023-02-14 15:47:04,461:DEBUG:Forced 1 partitions
2023-02-14 15:47:05,587:INFO:Partitions after forcing: 1
2023-02-14 15:47:05,601:INFO:Support set to 0.5
2023-02-14 15:47:05,601:INFO:Created SON instance with: partitions=1, support=0.5, chunk support=0.5
2023-02-14 15:58:06,246:INFO:Support set to 0.5
2023-02-14 15:58:06,249:INFO:Created SON instance with: partitions=1, support=0.5, chunk support=0.5
2023-02-14 16:09:04,360:INFO:Run with dataset BenchmarkData.data
2023-02-14 16:09:04,399:DEBUG:Connecting to mongodb://127.0.0.1:27017/BenchmarkData.data
2023-02-14 16:09:04,399:DEBUG:Core on this worker: 8
2023-02-14 16:09:04,507:INFO:Dataset size: 3631
2023-02-14 16:09:04,541:INFO:Automatically created 1 partitions
2023-02-14 16:09:04,541:DEBUG:Forced 4 partitions
2023-02-14 16:09:05,118:INFO:Partitions after forcing: 4
2023-02-14 16:09:05,126:INFO:Support set to 0.5
2023-02-14 16:09:05,127:INFO:Created SON instance with: partitions=4, support=0.5, chunk support=0.125
2023-02-14 16:10:50,276:INFO:Support set to 0.5
2023-02-14 16:10:50,277:INFO:Created SON instance with: partitions=4, support=0.5, chunk support=0.125
2023-02-14 16:12:36,272:INFO:Run with dataset BenchmarkData.data
2023-02-14 16:12:36,303:DEBUG:Connecting to mongodb://127.0.0.1:27017/BenchmarkData.data
2023-02-14 16:12:36,303:DEBUG:Core on this worker: 8
2023-02-14 16:12:36,413:INFO:Dataset size: 3631
2023-02-14 16:12:36,444:INFO:Automatically created 1 partitions
2023-02-14 16:12:36,444:DEBUG:Forced 8 partitions
2023-02-14 16:12:37,015:INFO:Partitions after forcing: 8
2023-02-14 16:12:37,023:INFO:Support set to 0.5
2023-02-14 16:12:37,023:INFO:Created SON instance with: partitions=8, support=0.5, chunk support=0.0625
2023-02-14 16:13:54,114:INFO:Support set to 0.5
2023-02-14 16:13:54,114:INFO:Created SON instance with: partitions=8, support=0.5, chunk support=0.0625
2023-02-14 16:19:21,260:INFO:Run with dataset BenchmarkData.data
2023-02-14 16:19:29,824:DEBUG:Connecting to mongodb://127.0.0.1:27017/BenchmarkData.data
2023-02-14 16:19:29,825:DEBUG:Core on this worker: 8
2023-02-14 16:19:31,421:INFO:Dataset size: 3631
2023-02-14 16:19:31,533:INFO:Automatically created 1 partitions
2023-02-14 16:19:31,533:DEBUG:Forced 4 partitions
2023-02-14 16:19:32,808:INFO:Partitions after forcing: 4
2023-02-14 16:19:32,823:INFO:Support set to 0.5
2023-02-14 16:19:32,824:INFO:Created SON instance with: partitions=4, support=0.5, chunk support=0.125
2023-02-14 16:21:16,683:INFO:Support set to 0.5
2023-02-14 16:21:16,686:INFO:Created SON instance with: partitions=4, support=0.5, chunk support=0.125
2023-02-14 16:23:14,676:INFO:Run with dataset BenchmarkData.data
2023-02-14 16:23:14,728:DEBUG:Connecting to mongodb://127.0.0.1:27017/BenchmarkData.data
2023-02-14 16:23:14,729:DEBUG:Core on this worker: 8
2023-02-14 16:23:14,846:INFO:Dataset size: 3631
2023-02-14 16:23:14,884:INFO:Automatically created 1 partitions
2023-02-14 16:23:14,884:DEBUG:Forced 8 partitions
2023-02-14 16:23:15,444:INFO:Partitions after forcing: 8
2023-02-14 16:23:15,458:INFO:Support set to 0.5
2023-02-14 16:23:15,458:INFO:Created SON instance with: partitions=8, support=0.5, chunk support=0.0625
2023-02-14 16:24:31,009:INFO:Support set to 0.5
2023-02-14 16:24:31,009:INFO:Created SON instance with: partitions=8, support=0.5, chunk support=0.0625
2023-02-14 16:25:45,452:INFO:Run with dataset BenchmarkData.data
2023-02-14 16:25:45,508:DEBUG:Connecting to mongodb://127.0.0.1:27017/BenchmarkData.data
2023-02-14 16:25:45,508:DEBUG:Core on this worker: 8
2023-02-14 16:25:45,766:INFO:Dataset size: 18156
2023-02-14 16:25:45,794:INFO:Automatically created 1 partitions
2023-02-14 16:25:45,794:DEBUG:Forced 4 partitions
2023-02-14 16:25:47,990:INFO:Partitions after forcing: 4
2023-02-14 16:25:47,998:INFO:Support set to 0.5
2023-02-14 16:25:47,998:INFO:Created SON instance with: partitions=4, support=0.5, chunk support=0.125
2023-02-14 17:08:40,904:INFO:Run with dataset BenchmarkData.data
2023-02-14 17:08:58,820:DEBUG:Connecting to mongodb://127.0.0.1:27017/BenchmarkData.data
2023-02-14 17:08:58,821:DEBUG:Core on this worker: 8
2023-02-14 17:09:01,302:INFO:Dataset size: 3631
2023-02-14 17:09:01,477:INFO:Automatically created 1 partitions
2023-02-14 17:09:01,478:DEBUG:Forced 4 partitions
2023-02-14 17:09:03,788:INFO:Partitions after forcing: 4
2023-02-14 17:09:03,816:INFO:Support set to 0.5
2023-02-14 17:09:03,817:INFO:Created SON instance with: partitions=4, support=0.5, chunk support=0.125
2023-02-14 17:11:25,043:INFO:Support set to 0.5
2023-02-14 17:11:25,048:INFO:Created SON instance with: partitions=4, support=0.5, chunk support=0.125
2023-02-14 17:13:25,097:INFO:Run with dataset BenchmarkData.data
2023-02-14 17:13:25,137:DEBUG:Connecting to mongodb://127.0.0.1:27017/BenchmarkData.data
2023-02-14 17:13:25,137:DEBUG:Core on this worker: 8
2023-02-14 17:13:25,337:INFO:Dataset size: 3631
2023-02-14 17:13:25,402:INFO:Automatically created 1 partitions
2023-02-14 17:13:25,402:DEBUG:Forced 8 partitions
2023-02-14 17:13:26,037:INFO:Partitions after forcing: 8
2023-02-14 17:13:26,047:INFO:Support set to 0.5
2023-02-14 17:13:26,047:INFO:Created SON instance with: partitions=8, support=0.5, chunk support=0.0625
2023-02-14 17:14:58,599:INFO:Support set to 0.5
2023-02-14 17:14:58,599:INFO:Created SON instance with: partitions=8, support=0.5, chunk support=0.0625
2023-02-14 17:16:22,002:INFO:Run with dataset BenchmarkData.data
2023-02-14 17:16:22,064:DEBUG:Connecting to mongodb://127.0.0.1:27017/BenchmarkData.data
2023-02-14 17:16:22,064:DEBUG:Core on this worker: 8
2023-02-14 17:16:22,404:INFO:Dataset size: 18156
2023-02-14 17:16:22,441:INFO:Automatically created 1 partitions
2023-02-14 17:16:22,441:DEBUG:Forced 4 partitions
2023-02-14 17:16:24,803:INFO:Partitions after forcing: 4
2023-02-14 17:16:24,810:INFO:Support set to 0.5
2023-02-14 17:16:24,811:INFO:Created SON instance with: partitions=4, support=0.5, chunk support=0.125
2023-02-14 17:44:56,010:INFO:Run with dataset BenchmarkData.data
2023-02-14 17:45:07,056:DEBUG:Connecting to mongodb://127.0.0.1:27017/BenchmarkData.data
2023-02-14 17:45:07,057:DEBUG:Core on this worker: 8
2023-02-14 17:45:09,593:INFO:Dataset size: 18156
2023-02-14 17:45:09,733:INFO:Automatically created 1 partitions
2023-02-14 17:45:09,755:INFO:Support set to 0.1
2023-02-14 17:45:09,756:INFO:Created SON instance with: partitions=1, support=0.1, chunk support=0.1
2023-02-14 17:50:00,899:INFO:Run with dataset BenchmarkData.data
2023-02-14 17:50:13,484:DEBUG:Connecting to mongodb://127.0.0.1:27017/BenchmarkData.data
2023-02-14 17:50:13,485:DEBUG:Core on this worker: 8
2023-02-14 17:50:15,941:INFO:Dataset size: 18156
2023-02-14 17:50:16,074:INFO:Automatically created 1 partitions
2023-02-14 17:50:16,074:DEBUG:Forced 8 partitions
2023-02-14 17:50:20,240:INFO:Partitions after forcing: 8
2023-02-14 17:50:20,261:INFO:Support set to 0.1
2023-02-14 17:50:20,262:INFO:Created SON instance with: partitions=8, support=0.1, chunk support=0.0125
2023-02-14 17:53:14,495:INFO:Run with dataset BenchmarkData.data
2023-02-14 17:53:26,162:DEBUG:Connecting to mongodb://127.0.0.1:27017/BenchmarkData.data
2023-02-14 17:53:26,162:DEBUG:Core on this worker: 8
2023-02-14 17:53:28,613:INFO:Dataset size: 18156
2023-02-14 17:53:28,868:INFO:Automatically created 1 partitions
2023-02-14 17:53:28,868:DEBUG:Forced 16 partitions
2023-02-14 17:53:33,100:INFO:Partitions after forcing: 16
2023-02-14 17:53:33,120:INFO:Support set to 0.1
2023-02-14 17:53:33,120:INFO:Created SON instance with: partitions=16, support=0.1, chunk support=0.00625
2023-02-14 18:18:51,392:INFO:Support set to 0.1
2023-02-14 18:18:51,398:INFO:Created SON instance with: partitions=16, support=0.1, chunk support=0.00625
2023-02-14 18:36:35,350:INFO:Run with dataset BenchmarkData.data
2023-02-14 18:36:52,040:INFO:Run with dataset BenchmarkData.data
2023-02-14 18:37:04,373:DEBUG:Connecting to mongodb://127.0.0.1:27017/BenchmarkData.data
2023-02-14 18:37:04,374:DEBUG:Core on this worker: 8
2023-02-14 18:37:06,146:INFO:Dataset size: 1815
2023-02-14 18:37:06,291:INFO:Automatically created 1 partitions
2023-02-14 18:37:06,291:DEBUG:Forced 16 partitions
2023-02-14 18:37:07,523:INFO:Partitions after forcing: 16
2023-02-14 18:37:07,543:INFO:Support set to 0.1
2023-02-14 18:37:07,543:INFO:Created SON instance with: partitions=16, support=0.1, chunk support=0.00625
2023-02-14 18:40:03,463:INFO:Run with dataset BenchmarkData.data
2023-02-14 18:40:18,249:INFO:Run with dataset BenchmarkData.data
2023-02-14 18:40:31,977:DEBUG:Connecting to mongodb://127.0.0.1:27017/BenchmarkData.data
2023-02-14 18:40:31,978:DEBUG:Core on this worker: 8
2023-02-14 18:40:35,263:INFO:Dataset size: 1815
2023-02-14 18:40:35,527:INFO:Automatically created 1 partitions
2023-02-14 18:40:35,527:DEBUG:Forced 8 partitions
2023-02-14 18:40:37,449:INFO:Partitions after forcing: 8
2023-02-14 18:40:37,481:INFO:Support set to 0.2
2023-02-14 18:40:37,481:INFO:Created SON instance with: partitions=8, support=0.2, chunk support=0.025
2023-02-14 18:43:28,046:INFO:Run with dataset BenchmarkData.data
2023-02-14 18:43:41,958:DEBUG:Connecting to mongodb://127.0.0.1:27017/BenchmarkData.data
2023-02-14 18:43:41,959:DEBUG:Core on this worker: 8
2023-02-14 18:43:44,590:INFO:Dataset size: 1815
2023-02-14 18:43:44,726:INFO:Automatically created 1 partitions
2023-02-14 18:43:44,727:DEBUG:Forced 8 partitions
2023-02-14 18:43:46,612:INFO:Partitions after forcing: 8
2023-02-14 18:43:46,645:INFO:Support set to 0.2
2023-02-14 18:43:46,645:INFO:Created SON instance with: partitions=8, support=0.2, chunk support=0.025
2023-02-14 18:46:11,616:INFO:Run with dataset BenchmarkData.data
2023-02-14 18:46:21,026:INFO:Run with dataset BenchmarkData.data
2023-02-14 18:46:32,619:DEBUG:Connecting to mongodb://127.0.0.1:27017/BenchmarkData.data
2023-02-14 18:46:32,620:DEBUG:Core on this worker: 8
2023-02-14 18:46:34,406:INFO:Dataset size: 1815
2023-02-14 18:46:34,548:INFO:Automatically created 1 partitions
2023-02-14 18:46:34,548:DEBUG:Forced 8 partitions
2023-02-14 18:46:35,931:INFO:Partitions after forcing: 8
2023-02-14 18:46:35,955:INFO:Support set to 0.2
2023-02-14 18:46:35,955:INFO:Created SON instance with: partitions=8, support=0.2, chunk support=0.025
2023-02-14 18:47:27,391:INFO:Support set to 0.2
2023-02-14 18:47:27,396:INFO:Created SON instance with: partitions=8, support=0.2, chunk support=0.025
