2023-01-30 18:35:37,212:INFO:Run with dataset BenchmarkData.data
2023-01-30 18:35:54,278:DEBUG:Connecting to mongodb://127.0.0.1/BenchmarkData.data
2023-01-30 18:35:54,279:DEBUG:Core on this worker: 6
2023-01-30 18:35:55,569:INFO:Dataset size: 490
2023-01-30 18:35:55,684:INFO:Automatically created 1 partitions
2023-01-30 18:35:55,684:DEBUG:Forced 1 partitions
2023-01-30 18:35:55,904:INFO:Partitions after forcing: 1
2023-01-30 18:35:55,907:INFO:Support set to 0.5
2023-01-30 18:35:55,908:INFO:Created SON instance with: partitions=1, support=0.5, chunk support=0.5
2023-01-30 18:35:58,841:DEBUG:Extracted itemsets: ['beaches', 'religious', 'parks', ('religious', 'parks'), ('beaches', 'religious'), ('beaches', 'parks'), ('beaches', 'religious', 'parks')]
2023-01-30 18:36:03,785:DEBUG:Found itemsets: [('beaches', 489), ('religious', 385), ('parks', 490), (('religious', 'parks'), 385), (('beaches', 'religious'), 384), (('beaches', 'parks'), 489), (('beaches', 'religious', 'parks'), 384)]
2023-01-30 18:36:03,785:INFO:Resulting itemsets: [('beaches', 'religious', 'parks')]
2023-01-30 18:36:03,791:INFO:Support set to 0.5
2023-01-30 18:36:03,794:INFO:Created SON instance with: partitions=1, support=0.5, chunk support=0.5
2023-01-30 18:36:07,572:DEBUG:Extracted itemsets: ['beaches', 'religious', 'parks', ('religious', 'parks'), ('beaches', 'religious'), ('beaches', 'parks'), ('beaches', 'religious', 'parks')]
2023-01-30 18:36:13,451:DEBUG:Found itemsets: [('beaches', 489), ('religious', 385), ('parks', 490), (('religious', 'parks'), 385), (('beaches', 'religious'), 384), (('beaches', 'parks'), 489), (('beaches', 'religious', 'parks'), 384)]
2023-01-30 18:36:13,451:INFO:Resulting itemsets: [('beaches', 'religious', 'parks')]
2023-01-30 18:36:13,454:INFO:Run with dataset BenchmarkData.data
2023-01-30 18:36:13,566:DEBUG:Connecting to mongodb://127.0.0.1/BenchmarkData.data
2023-01-30 18:36:13,567:DEBUG:Core on this worker: 6
2023-01-30 18:36:13,735:INFO:Dataset size: 490
2023-01-30 18:36:13,777:INFO:Automatically created 1 partitions
2023-01-30 18:36:13,778:DEBUG:Forced 1 partitions
2023-01-30 18:36:13,960:INFO:Partitions after forcing: 1
2023-01-30 18:36:13,960:INFO:Support set to 0.9
2023-01-30 18:36:13,961:INFO:Created SON instance with: partitions=1, support=0.9, chunk support=0.9
2023-01-30 18:36:16,515:DEBUG:Extracted itemsets: ['beaches', 'parks', ('beaches', 'parks')]
2023-01-30 18:36:20,377:DEBUG:Found itemsets: [('beaches', 489), ('parks', 490), (('beaches', 'parks'), 489)]
2023-01-30 18:36:20,378:INFO:Resulting itemsets: [('beaches', 'parks')]
2023-01-30 18:36:20,384:INFO:Support set to 0.9
2023-01-30 18:36:20,384:INFO:Created SON instance with: partitions=1, support=0.9, chunk support=0.9
2023-01-30 18:36:22,813:DEBUG:Extracted itemsets: ['beaches', 'parks', ('beaches', 'parks')]
2023-01-30 18:36:27,053:DEBUG:Found itemsets: [('beaches', 489), ('parks', 490), (('beaches', 'parks'), 489)]
2023-01-30 18:36:27,053:INFO:Resulting itemsets: [('beaches', 'parks')]
2023-01-30 18:36:27,056:INFO:Run with dataset BenchmarkData.data
2023-01-30 18:36:27,118:DEBUG:Connecting to mongodb://127.0.0.1/BenchmarkData.data
2023-01-30 18:36:27,119:DEBUG:Core on this worker: 6
2023-01-30 18:36:27,218:INFO:Dataset size: 490
2023-01-30 18:36:27,238:INFO:Automatically created 1 partitions
2023-01-30 18:36:27,238:DEBUG:Forced 2 partitions
2023-01-30 18:36:27,341:INFO:Partitions after forcing: 2
2023-01-30 18:36:27,342:INFO:Support set to 0.5
2023-01-30 18:36:27,342:INFO:Created SON instance with: partitions=2, support=0.5, chunk support=0.25
2023-01-30 18:36:33,174:DEBUG:Extracted itemsets: ['religious', 'parks', ('religious', 'parks'), ('beaches', 'religious', 'parks'), 'beaches', ('beaches', 'religious'), ('beaches', 'parks')]
2023-01-30 18:36:42,318:DEBUG:Found itemsets: [('religious', 385), ('parks', 490), (('religious', 'parks'), 385), (('beaches', 'religious', 'parks'), 384), ('beaches', 489), (('beaches', 'religious'), 384), (('beaches', 'parks'), 489)]
2023-01-30 18:36:42,319:INFO:Resulting itemsets: [('beaches', 'religious', 'parks')]
2023-01-30 18:36:42,325:INFO:Support set to 0.5
2023-01-30 18:36:42,326:INFO:Created SON instance with: partitions=2, support=0.5, chunk support=0.25
2023-01-30 18:36:48,123:DEBUG:Extracted itemsets: ['religious', 'parks', ('religious', 'parks'), ('beaches', 'religious', 'parks'), 'beaches', ('beaches', 'religious'), ('beaches', 'parks')]
2023-01-30 18:36:57,475:DEBUG:Found itemsets: [('religious', 385), ('parks', 490), (('religious', 'parks'), 385), (('beaches', 'religious', 'parks'), 384), ('beaches', 489), (('beaches', 'religious'), 384), (('beaches', 'parks'), 489)]
2023-01-30 18:36:57,475:INFO:Resulting itemsets: [('beaches', 'religious', 'parks')]
2023-01-30 18:36:57,477:INFO:Run with dataset BenchmarkData.data
2023-01-30 18:36:57,531:DEBUG:Connecting to mongodb://127.0.0.1/BenchmarkData.data
2023-01-30 18:36:57,532:DEBUG:Core on this worker: 6
2023-01-30 18:36:57,683:INFO:Dataset size: 490
2023-01-30 18:36:57,714:INFO:Automatically created 1 partitions
2023-01-30 18:36:57,714:DEBUG:Forced 2 partitions
2023-01-30 18:36:57,798:INFO:Partitions after forcing: 2
2023-01-30 18:36:57,798:INFO:Support set to 0.9
2023-01-30 18:36:57,799:INFO:Created SON instance with: partitions=2, support=0.9, chunk support=0.45
2023-01-30 18:37:03,321:DEBUG:Extracted itemsets: ['religious', 'parks', ('religious', 'parks'), ('beaches', 'religious', 'parks'), 'beaches', ('beaches', 'religious'), ('beaches', 'parks')]
2023-01-30 18:37:11,974:DEBUG:Found itemsets: [('parks', 490), ('beaches', 489), (('beaches', 'parks'), 489)]
2023-01-30 18:37:11,974:INFO:Resulting itemsets: [('beaches', 'parks')]
2023-01-30 18:37:11,979:INFO:Support set to 0.9
2023-01-30 18:37:11,980:INFO:Created SON instance with: partitions=2, support=0.9, chunk support=0.45
2023-01-30 18:37:16,841:DEBUG:Extracted itemsets: ['religious', 'parks', ('religious', 'parks'), ('beaches', 'religious', 'parks'), 'beaches', ('beaches', 'religious'), ('beaches', 'parks')]
2023-01-30 18:37:25,378:DEBUG:Found itemsets: [('parks', 490), ('beaches', 489), (('beaches', 'parks'), 489)]
2023-01-30 18:37:25,378:INFO:Resulting itemsets: [('beaches', 'parks')]
2023-01-30 18:37:25,382:INFO:Run with dataset BenchmarkData.data
2023-01-30 18:37:25,436:DEBUG:Connecting to mongodb://127.0.0.1/BenchmarkData.data
2023-01-30 18:37:25,437:DEBUG:Core on this worker: 6
2023-01-30 18:37:25,520:INFO:Dataset size: 490
2023-01-30 18:37:25,541:INFO:Automatically created 1 partitions
2023-01-30 18:37:25,542:INFO:Support set to 0.5
2023-01-30 18:37:25,542:INFO:Created SON instance with: partitions=1, support=0.5, chunk support=0.5
2023-01-30 18:37:28,667:DEBUG:Extracted itemsets: ['beaches', 'religious', 'parks', ('religious', 'parks'), ('beaches', 'religious'), ('beaches', 'parks'), ('beaches', 'religious', 'parks')]
2023-01-30 18:37:33,597:DEBUG:Found itemsets: [('beaches', 489), ('religious', 385), ('parks', 490), (('religious', 'parks'), 385), (('beaches', 'religious'), 384), (('beaches', 'parks'), 489), (('beaches', 'religious', 'parks'), 384)]
2023-01-30 18:37:33,597:INFO:Resulting itemsets: [('beaches', 'religious', 'parks')]
2023-01-30 18:37:33,604:INFO:Support set to 0.5
2023-01-30 18:37:33,604:INFO:Created SON instance with: partitions=6, support=0.5, chunk support=0.08333333333333333
2023-01-30 18:37:49,527:DEBUG:Extracted itemsets: ['religious', ('religious', 'parks'), ('beaches', 'bars', 'parks'), ('religious', 'parks', 'resorts'), ('beaches', 'religious'), ('beaches', 'parks'), 'parks', ('beaches', 'resorts'), ('bars', 'parks'), ('beaches', 'religious', 'parks'), 'resorts', ('beaches', 'bars'), ('beaches', 'parks', 'resorts'), ('religious', 'resorts'), ('beaches', 'religious', 'resorts'), 'bars', ('beaches', 'religious', 'parks', 'resorts'), 'beaches', ('parks', 'resorts')]
2023-01-30 18:38:14,331:DEBUG:Found itemsets: [('religious', 385), (('religious', 'parks'), 385), (('beaches', 'religious'), 384), (('beaches', 'parks'), 489), ('parks', 490), (('beaches', 'religious', 'parks'), 384), ('beaches', 489)]
2023-01-30 18:38:14,331:INFO:Resulting itemsets: [('beaches', 'religious', 'parks')]
2023-01-30 18:38:14,333:INFO:Run with dataset BenchmarkData.data
2023-01-30 18:38:14,383:DEBUG:Connecting to mongodb://127.0.0.1/BenchmarkData.data
2023-01-30 18:38:14,383:DEBUG:Core on this worker: 6
2023-01-30 18:38:14,458:INFO:Dataset size: 490
2023-01-30 18:38:14,477:INFO:Automatically created 1 partitions
2023-01-30 18:38:14,478:INFO:Support set to 0.9
2023-01-30 18:38:14,478:INFO:Created SON instance with: partitions=1, support=0.9, chunk support=0.9
2023-01-30 18:38:17,919:DEBUG:Extracted itemsets: ['beaches', 'parks', ('beaches', 'parks')]
2023-01-30 18:38:22,762:DEBUG:Found itemsets: [('beaches', 489), ('parks', 490), (('beaches', 'parks'), 489)]
2023-01-30 18:38:22,762:INFO:Resulting itemsets: [('beaches', 'parks')]
2023-01-30 18:38:22,766:INFO:Support set to 0.9
2023-01-30 18:38:22,766:INFO:Created SON instance with: partitions=6, support=0.9, chunk support=0.15
2023-01-30 18:38:36,958:DEBUG:Extracted itemsets: ['religious', ('religious', 'parks'), ('beaches', 'religious'), ('beaches', 'parks'), 'parks', ('beaches', 'religious', 'parks'), ('beaches', 'resorts'), 'resorts', ('beaches', 'parks', 'resorts'), 'beaches', ('parks', 'resorts')]
2023-01-30 18:39:00,692:DEBUG:Found itemsets: [(('beaches', 'parks'), 489), ('parks', 490), ('beaches', 489)]
2023-01-30 18:39:00,692:INFO:Resulting itemsets: [('beaches', 'parks')]
2023-01-30 18:39:01,076:INFO:Run with dataset BenchmarkData.data
2023-01-30 18:39:01,122:DEBUG:Connecting to mongodb://127.0.0.1/BenchmarkData.data
2023-01-30 18:39:01,123:DEBUG:Core on this worker: 6
2023-01-30 18:39:01,187:INFO:Dataset size: 980
2023-01-30 18:39:01,204:INFO:Automatically created 1 partitions
2023-01-30 18:39:01,204:DEBUG:Forced 1 partitions
2023-01-30 18:39:01,253:INFO:Partitions after forcing: 1
2023-01-30 18:39:01,254:INFO:Support set to 0.5
2023-01-30 18:39:01,254:INFO:Created SON instance with: partitions=1, support=0.5, chunk support=0.5
2023-01-30 18:39:04,017:DEBUG:Extracted itemsets: ['beaches', 'religious', 'parks', ('religious', 'parks'), ('beaches', 'religious'), ('beaches', 'parks'), ('beaches', 'religious', 'parks')]
2023-01-30 18:39:08,371:DEBUG:Found itemsets: [('beaches', 976), ('religious', 775), ('parks', 980), (('religious', 'parks'), 775), (('beaches', 'religious'), 771), (('beaches', 'parks'), 976), (('beaches', 'religious', 'parks'), 771)]
2023-01-30 18:39:08,371:INFO:Resulting itemsets: [('beaches', 'religious', 'parks')]
2023-01-30 18:39:08,376:INFO:Support set to 0.5
2023-01-30 18:39:08,377:INFO:Created SON instance with: partitions=1, support=0.5, chunk support=0.5
2023-01-30 18:39:11,314:DEBUG:Extracted itemsets: ['beaches', 'religious', 'parks', ('religious', 'parks'), ('beaches', 'religious'), ('beaches', 'parks'), ('beaches', 'religious', 'parks')]
2023-01-30 18:39:16,270:DEBUG:Found itemsets: [('beaches', 976), ('religious', 775), ('parks', 980), (('religious', 'parks'), 775), (('beaches', 'religious'), 771), (('beaches', 'parks'), 976), (('beaches', 'religious', 'parks'), 771)]
2023-01-30 18:39:16,270:INFO:Resulting itemsets: [('beaches', 'religious', 'parks')]
2023-01-30 18:39:16,273:INFO:Run with dataset BenchmarkData.data
2023-01-30 18:39:16,346:DEBUG:Connecting to mongodb://127.0.0.1/BenchmarkData.data
2023-01-30 18:39:16,347:DEBUG:Core on this worker: 6
2023-01-30 18:39:16,420:INFO:Dataset size: 980
2023-01-30 18:39:16,437:INFO:Automatically created 1 partitions
2023-01-30 18:39:16,437:DEBUG:Forced 1 partitions
2023-01-30 18:39:16,488:INFO:Partitions after forcing: 1
2023-01-30 18:39:16,488:INFO:Support set to 0.9
2023-01-30 18:39:16,489:INFO:Created SON instance with: partitions=1, support=0.9, chunk support=0.9
2023-01-30 18:39:19,739:DEBUG:Extracted itemsets: ['beaches', 'parks', ('beaches', 'parks')]
2023-01-30 18:39:24,795:DEBUG:Found itemsets: [('beaches', 976), ('parks', 980), (('beaches', 'parks'), 976)]
2023-01-30 18:39:24,796:INFO:Resulting itemsets: [('beaches', 'parks')]
2023-01-30 18:39:24,800:INFO:Support set to 0.9
2023-01-30 18:39:24,801:INFO:Created SON instance with: partitions=1, support=0.9, chunk support=0.9
2023-01-30 18:39:28,283:DEBUG:Extracted itemsets: ['beaches', 'parks', ('beaches', 'parks')]
2023-01-30 18:39:32,374:DEBUG:Found itemsets: [('beaches', 976), ('parks', 980), (('beaches', 'parks'), 976)]
2023-01-30 18:39:32,374:INFO:Resulting itemsets: [('beaches', 'parks')]
2023-01-30 18:39:32,378:INFO:Run with dataset BenchmarkData.data
2023-01-30 18:39:32,422:DEBUG:Connecting to mongodb://127.0.0.1/BenchmarkData.data
2023-01-30 18:39:32,422:DEBUG:Core on this worker: 6
2023-01-30 18:39:32,488:INFO:Dataset size: 980
2023-01-30 18:39:32,507:INFO:Automatically created 1 partitions
2023-01-30 18:39:32,507:DEBUG:Forced 2 partitions
2023-01-30 18:39:32,561:INFO:Partitions after forcing: 2
2023-01-30 18:39:32,561:INFO:Support set to 0.5
2023-01-30 18:39:32,562:INFO:Created SON instance with: partitions=2, support=0.5, chunk support=0.25
2023-01-30 18:39:38,329:DEBUG:Extracted itemsets: ['religious', 'parks', ('religious', 'parks'), ('beaches', 'religious', 'parks'), 'beaches', ('beaches', 'religious'), ('beaches', 'parks')]
2023-01-30 18:39:49,742:DEBUG:Found itemsets: [('religious', 775), ('parks', 980), (('religious', 'parks'), 775), (('beaches', 'religious', 'parks'), 771), ('beaches', 976), (('beaches', 'religious'), 771), (('beaches', 'parks'), 976)]
2023-01-30 18:39:49,742:INFO:Resulting itemsets: [('beaches', 'religious', 'parks')]
2023-01-30 18:39:49,747:INFO:Support set to 0.5
2023-01-30 18:39:49,747:INFO:Created SON instance with: partitions=2, support=0.5, chunk support=0.25
2023-01-30 18:39:56,237:DEBUG:Extracted itemsets: ['religious', 'parks', ('religious', 'parks'), ('beaches', 'religious', 'parks'), 'beaches', ('beaches', 'religious'), ('beaches', 'parks')]
2023-01-30 18:40:04,133:DEBUG:Found itemsets: [('religious', 775), ('parks', 980), (('religious', 'parks'), 775), (('beaches', 'religious', 'parks'), 771), ('beaches', 976), (('beaches', 'religious'), 771), (('beaches', 'parks'), 976)]
2023-01-30 18:40:04,133:INFO:Resulting itemsets: [('beaches', 'religious', 'parks')]
2023-01-30 18:40:04,136:INFO:Run with dataset BenchmarkData.data
2023-01-30 18:40:04,185:DEBUG:Connecting to mongodb://127.0.0.1/BenchmarkData.data
2023-01-30 18:40:04,186:DEBUG:Core on this worker: 6
2023-01-30 18:40:04,247:INFO:Dataset size: 980
2023-01-30 18:40:04,265:INFO:Automatically created 1 partitions
2023-01-30 18:40:04,266:DEBUG:Forced 2 partitions
2023-01-30 18:40:04,320:INFO:Partitions after forcing: 2
2023-01-30 18:40:04,320:INFO:Support set to 0.9
2023-01-30 18:40:04,320:INFO:Created SON instance with: partitions=2, support=0.9, chunk support=0.45
2023-01-30 18:40:08,825:DEBUG:Extracted itemsets: ['religious', 'parks', ('religious', 'parks'), ('beaches', 'religious', 'parks'), 'beaches', ('beaches', 'religious'), ('beaches', 'parks')]
2023-01-30 18:40:15,996:DEBUG:Found itemsets: [('parks', 980), ('beaches', 976), (('beaches', 'parks'), 976)]
2023-01-30 18:40:15,996:INFO:Resulting itemsets: [('beaches', 'parks')]
2023-01-30 18:40:16,007:INFO:Support set to 0.9
2023-01-30 18:40:16,008:INFO:Created SON instance with: partitions=2, support=0.9, chunk support=0.45
2023-01-30 18:40:20,468:DEBUG:Extracted itemsets: ['religious', 'parks', ('religious', 'parks'), ('beaches', 'religious', 'parks'), 'beaches', ('beaches', 'religious'), ('beaches', 'parks')]
2023-01-30 18:40:27,985:DEBUG:Found itemsets: [('parks', 980), ('beaches', 976), (('beaches', 'parks'), 976)]
2023-01-30 18:40:27,985:INFO:Resulting itemsets: [('beaches', 'parks')]
2023-01-30 18:40:27,990:INFO:Run with dataset BenchmarkData.data
2023-01-30 18:40:28,048:DEBUG:Connecting to mongodb://127.0.0.1/BenchmarkData.data
2023-01-30 18:40:28,048:DEBUG:Core on this worker: 6
2023-01-30 18:40:28,114:INFO:Dataset size: 980
2023-01-30 18:40:28,131:INFO:Automatically created 1 partitions
2023-01-30 18:40:28,131:INFO:Support set to 0.5
2023-01-30 18:40:28,132:INFO:Created SON instance with: partitions=1, support=0.5, chunk support=0.5
2023-01-30 18:40:30,736:DEBUG:Extracted itemsets: ['beaches', 'religious', 'parks', ('religious', 'parks'), ('beaches', 'religious'), ('beaches', 'parks'), ('beaches', 'religious', 'parks')]
2023-01-30 18:40:34,680:DEBUG:Found itemsets: [('beaches', 976), ('religious', 775), ('parks', 980), (('religious', 'parks'), 775), (('beaches', 'religious'), 771), (('beaches', 'parks'), 976), (('beaches', 'religious', 'parks'), 771)]
2023-01-30 18:40:34,680:INFO:Resulting itemsets: [('beaches', 'religious', 'parks')]
2023-01-30 18:40:34,684:INFO:Support set to 0.5
2023-01-30 18:40:34,685:INFO:Created SON instance with: partitions=6, support=0.5, chunk support=0.08333333333333333
2023-01-30 18:40:48,350:DEBUG:Extracted itemsets: ['religious', ('religious', 'parks'), ('religious', 'parks', 'resorts'), ('beaches', 'religious'), ('beaches', 'parks'), 'parks', ('beaches', 'resorts'), ('beaches', 'religious', 'parks'), 'resorts', ('beaches', 'parks', 'resorts'), ('religious', 'resorts'), ('beaches', 'religious', 'resorts'), ('beaches', 'religious', 'parks', 'resorts'), 'beaches', ('parks', 'resorts')]
2023-01-30 18:41:10,752:DEBUG:Found itemsets: [('religious', 775), (('religious', 'parks'), 775), (('beaches', 'religious'), 771), (('beaches', 'parks'), 976), ('parks', 980), (('beaches', 'religious', 'parks'), 771), ('beaches', 976)]
2023-01-30 18:41:10,752:INFO:Resulting itemsets: [('beaches', 'religious', 'parks')]
2023-01-30 18:41:10,758:INFO:Run with dataset BenchmarkData.data
2023-01-30 18:41:10,827:DEBUG:Connecting to mongodb://127.0.0.1/BenchmarkData.data
2023-01-30 18:41:10,828:DEBUG:Core on this worker: 6
2023-01-30 18:41:10,896:INFO:Dataset size: 980
2023-01-30 18:41:10,912:INFO:Automatically created 1 partitions
2023-01-30 18:41:10,912:INFO:Support set to 0.9
2023-01-30 18:41:10,913:INFO:Created SON instance with: partitions=1, support=0.9, chunk support=0.9
2023-01-30 18:41:13,331:DEBUG:Extracted itemsets: ['beaches', 'parks', ('beaches', 'parks')]
2023-01-30 18:41:17,620:DEBUG:Found itemsets: [('beaches', 976), ('parks', 980), (('beaches', 'parks'), 976)]
2023-01-30 18:41:17,621:INFO:Resulting itemsets: [('beaches', 'parks')]
2023-01-30 18:41:17,625:INFO:Support set to 0.9
2023-01-30 18:41:17,626:INFO:Created SON instance with: partitions=6, support=0.9, chunk support=0.15
2023-01-30 18:41:30,531:DEBUG:Extracted itemsets: ['religious', ('religious', 'parks'), ('beaches', 'religious'), ('beaches', 'parks'), 'parks', ('beaches', 'religious', 'parks'), ('beaches', 'resorts'), 'resorts', ('beaches', 'parks', 'resorts'), 'beaches', ('parks', 'resorts')]
2023-01-30 18:41:52,170:DEBUG:Found itemsets: [(('beaches', 'parks'), 976), ('parks', 980), ('beaches', 976)]
2023-01-30 18:41:52,170:INFO:Resulting itemsets: [('beaches', 'parks')]
